Cannot generate PPM file.
java.io.FileNotFoundException: ppm/0-hare.ppm (No such file or directory)
	at java.io.FileOutputStream.open0(Native Method) ~[?:1.8.0_73]
	at java.io.FileOutputStream.open(FileOutputStream.java:270) ~[?:1.8.0_73]
	at java.io.FileOutputStream.<init>(FileOutputStream.java:213) ~[?:1.8.0_73]
	at java.io.FileOutputStream.<init>(FileOutputStream.java:162) ~[?:1.8.0_73]
	at java.io.PrintWriter.<init>(PrintWriter.java:192) ~[?:1.8.0_73]
	at java.io.PrintWriter.<init>(PrintWriter.java:232) ~[?:1.8.0_73]
	at org.epcc.ps.client.shell.util.PPMUtil.generateRedBasedPPMFile(PPMUtil.java:33) [classes/:?]
	at org.epcc.ps.client.shell.service.DefaultConvertService.convertLandscapeWithSpeciesToPPM(DefaultConvertService.java:40) [classes/:?]
	at org.epcc.ps.client.shell.command.DefaultSimulationCommand.outputSnapshotsAsPPM(DefaultSimulationCommand.java:105) [classes/:?]
	at org.epcc.ps.client.shell.command.DefaultSimulationCommand.generateResult(DefaultSimulationCommand.java:95) [classes/:?]
	at org.epcc.ps.client.shell.command.DefaultSimulationCommand.simulate(DefaultSimulationCommand.java:75) [classes/:?]
	at sun.reflect.NativeMethodAccessorImpl.invoke0(Native Method) ~[?:1.8.0_73]
	at sun.reflect.NativeMethodAccessorImpl.invoke(NativeMethodAccessorImpl.java:62) ~[?:1.8.0_73]
	at sun.reflect.DelegatingMethodAccessorImpl.invoke(DelegatingMethodAccessorImpl.java:43) ~[?:1.8.0_73]
	at java.lang.reflect.Method.invoke(Method.java:497) ~[?:1.8.0_73]
	at org.epcc.ps.client.shell.proxy.SimulationTimeMeasurementProxyHandler.invokeWithTimeMeasurement(SimulationTimeMeasurementProxyHandler.java:27) [classes/:?]
	at org.epcc.ps.client.shell.proxy.SimulationTimeMeasurementProxyHandler.invoke(SimulationTimeMeasurementProxyHandler.java:22) [classes/:?]
	at com.sun.proxy.$Proxy18.simulate(Unknown Source) [?:?]
	at org.epcc.ps.client.shell.Simulation.main(Simulation.java:17) [classes/:?]
Simulation failed.
org.epcc.ps.client.shell.exception.PPMFileException: java.io.FileNotFoundException: ppm/0-hare.ppm (No such file or directory)
	at org.epcc.ps.client.shell.util.PPMUtil.generateRedBasedPPMFile(PPMUtil.java:49) ~[classes/:?]
	at org.epcc.ps.client.shell.service.DefaultConvertService.convertLandscapeWithSpeciesToPPM(DefaultConvertService.java:40) ~[classes/:?]
	at org.epcc.ps.client.shell.command.DefaultSimulationCommand.outputSnapshotsAsPPM(DefaultSimulationCommand.java:105) ~[classes/:?]
	at org.epcc.ps.client.shell.command.DefaultSimulationCommand.generateResult(DefaultSimulationCommand.java:95) ~[classes/:?]
	at org.epcc.ps.client.shell.command.DefaultSimulationCommand.simulate(DefaultSimulationCommand.java:75) [classes/:?]
	at sun.reflect.NativeMethodAccessorImpl.invoke0(Native Method) ~[?:1.8.0_73]
	at sun.reflect.NativeMethodAccessorImpl.invoke(NativeMethodAccessorImpl.java:62) ~[?:1.8.0_73]
	at sun.reflect.DelegatingMethodAccessorImpl.invoke(DelegatingMethodAccessorImpl.java:43) ~[?:1.8.0_73]
	at java.lang.reflect.Method.invoke(Method.java:497) ~[?:1.8.0_73]
	at org.epcc.ps.client.shell.proxy.SimulationTimeMeasurementProxyHandler.invokeWithTimeMeasurement(SimulationTimeMeasurementProxyHandler.java:27) [classes/:?]
	at org.epcc.ps.client.shell.proxy.SimulationTimeMeasurementProxyHandler.invoke(SimulationTimeMeasurementProxyHandler.java:22) [classes/:?]
	at com.sun.proxy.$Proxy18.simulate(Unknown Source) [?:?]
	at org.epcc.ps.client.shell.Simulation.main(Simulation.java:17) [classes/:?]
Caused by: java.io.FileNotFoundException: ppm/0-hare.ppm (No such file or directory)
	at java.io.FileOutputStream.open0(Native Method) ~[?:1.8.0_73]
	at java.io.FileOutputStream.open(FileOutputStream.java:270) ~[?:1.8.0_73]
	at java.io.FileOutputStream.<init>(FileOutputStream.java:213) ~[?:1.8.0_73]
	at java.io.FileOutputStream.<init>(FileOutputStream.java:162) ~[?:1.8.0_73]
	at java.io.PrintWriter.<init>(PrintWriter.java:192) ~[?:1.8.0_73]
	at java.io.PrintWriter.<init>(PrintWriter.java:232) ~[?:1.8.0_73]
	at org.epcc.ps.client.shell.util.PPMUtil.generateRedBasedPPMFile(PPMUtil.java:33) ~[classes/:?]
	... 12 more
Execution Time: 1463ms
